[20:43:40] [main/INFO] (FabricLoader/GameProvider) Loading Minecraft 1.20.3 with Fabric Loader 0.15.0
[20:43:41] [main/INFO] (FabricLoader) Loading 56 mods:
	- fabric-api 0.91.1+1.20.3
	- fabric-api-base 0.4.34+f31bf8813b
	- fabric-api-lookup-api-v1 1.6.44+9468a19d3b
	- fabric-biome-api-v1 13.0.14+9468a19d3b
	- fabric-block-api-v1 1.0.13+73761d2e3b
	- fabric-block-view-api-v2 1.0.2+73761d2e3b
	- fabric-blockrenderlayer-v1 1.1.44+f4b7e4243b
	- fabric-client-tags-api-v1 1.1.5+86b126453b
	- fabric-command-api-v1 1.2.39+f71b366f3b
	- fabric-command-api-v2 2.2.18+23e8616e3b
	- fabric-commands-v0 0.2.56+df3654b33b
	- fabric-containers-v0 0.1.80+df3654b33b
	- fabric-content-registries-v0 5.0.8+9468a19d3b
	- fabric-convention-tags-v1 1.5.8+9468a19d3b
	- fabric-crash-report-info-v1 0.2.21+f4b7e4243b
	- fabric-data-generation-api-v1 13.1.16+1b2a41bc3b
	- fabric-dimensions-v1 2.1.59+a2e8758a3b
	- fabric-entity-events-v1 1.5.26+9468a19d3b
	- fabric-events-interaction-v0 0.6.13+9468a19d3b
	- fabric-events-lifecycle-v0 0.2.70+df3654b33b
	- fabric-game-rule-api-v1 1.0.44+6f7ba8f23b
	- fabric-gametest-api-v1 1.2.18+9468a19d3b
	- fabric-item-api-v1 2.1.33+9468a19d3b
	- fabric-item-group-api-v1 4.0.19+7feff5da3b
	- fabric-key-binding-api-v1 1.0.39+f4b7e4243b
	- fabric-keybindings-v0 0.2.37+df3654b33b
	- fabric-lifecycle-events-v1 2.2.28+9468a19d3b
	- fabric-loot-api-v2 2.1.3+6f9f09e03b
	- fabric-message-api-v1 6.0.3+ebb154963b
	- fabric-mining-level-api-v1 2.1.58+f4b7e4243b
	- fabric-model-loading-api-v1 1.0.6+9468a19d3b
	- fabric-models-v0 0.4.5+9386d8a73b
	- fabric-networking-api-v1 3.1.1+901470e43b
	- fabric-object-builder-api-v1 13.0.6+a2e8758a3b
	- fabric-particles-v1 1.1.5+f4b7e4243b
	- fabric-recipe-api-v1 2.0.14+23e8616e3b
	- fabric-registry-sync-v0 4.0.12+9468a19d3b
	- fabric-renderer-api-v1 3.2.2+2034447c3b
	- fabric-renderer-indigo 1.5.2+2034447c3b
	- fabric-renderer-registries-v1 3.2.49+df3654b33b
	- fabric-rendering-data-attachment-v1 0.3.40+73761d2e3b
	- fabric-rendering-fluids-v1 3.0.31+f4b7e4243b
	- fabric-rendering-v0 1.1.52+df3654b33b
	- fabric-rendering-v1 3.0.11+9468a19d3b
	- fabric-resource-conditions-api-v1 2.3.12+de5c6cca3b
	- fabric-resource-loader-v0 0.11.14+f31bf8813b
	- fabric-screen-api-v1 2.0.15+6f7ba8f23b
	- fabric-screen-handler-api-v1 1.3.49+9468a19d3b
	- fabric-sound-api-v1 1.0.15+f4b7e4243b
	- fabric-transfer-api-v1 4.0.5+aaf9c9693b
	- fabric-transitive-access-wideners-v1 5.0.12+1b2a41bc3b
	- fabricloader 0.15.0
	   \-- mixinextras 0.3.0
	- java 17
	- minecraft 1.20.3
	- tntvillager 1.1.1
[20:43:41] [main/INFO] (FabricLoader/Mixin) SpongePowered MIXIN Subsystem Version=0.8.5 Source=file:/C:/Users/logbo/.gradle/caches/modules-2/files-2.1/net.fabricmc/sponge-mixin/0.12.5+mixin.0.8.5/8d31fb97c3e0cd7c8dad3441851c523bcfae6d8e/sponge-mixin-0.12.5+mixin.0.8.5.jar Service=Knot/Fabric Env=CLIENT
[20:43:42] [main/INFO] (FabricLoader/Mixin) Loaded Fabric development mappings for mixin remapper!
[20:43:42] [main/INFO] (FabricLoader/Mixin) Compatibility level set to JAVA_16
[20:43:42] [main/INFO] (FabricLoader/Mixin) Compatibility level set to JAVA_17
[20:43:44] [main/INFO] (FabricLoader/MixinExtras|Service) Initializing MixinExtras via com.llamalad7.mixinextras.service.MixinExtrasServiceImpl(version=0.3.0).
[20:43:52] [Datafixer Bootstrap/INFO] (Minecraft) 198 Datafixer optimizations took 197 milliseconds
[20:43:57] [Render thread/INFO] (Minecraft) Environment: Environment[sessionHost=https://sessionserver.mojang.com, servicesHost=https://api.minecraftservices.com, name=PROD]
[20:43:57] [Render thread/INFO] (Minecraft) Setting user: Player505
[20:43:57] [Download-2/ERROR] (Minecraft) Failed to fetch user properties
com.mojang.authlib.exceptions.InvalidCredentialsException: Status: 401
	at com.mojang.authlib.exceptions.MinecraftClientHttpException.toAuthenticationException(MinecraftClientHttpException.java:59) ~[authlib-6.0.52.jar:?]
	at com.mojang.authlib.yggdrasil.YggdrasilUserApiService.fetchProperties(YggdrasilUserApiService.java:150) ~[authlib-6.0.52.jar:?]
	at net.minecraft.client.MinecraftClient.method_55608(MinecraftClient.java:540) ~[minecraft-clientonly-project-root-1.20.3-net.fabricmc.yarn.1_20_3.1.20.3+build.1-v2.jar:?]
	at java.util.concurrent.CompletableFuture$AsyncSupply.run(CompletableFuture.java:1768) ~[?:?]
	at java.util.concurrent.ThreadPoolExecutor.runWorker(ThreadPoolExecutor.java:1136) ~[?:?]
	at java.util.concurrent.ThreadPoolExecutor$Worker.run(ThreadPoolExecutor.java:635) ~[?:?]
	at java.lang.Thread.run(Thread.java:833) ~[?:?]
Caused by: com.mojang.authlib.exceptions.MinecraftClientHttpException: Status: 401
	at com.mojang.authlib.minecraft.client.MinecraftClient.readInputStream(MinecraftClient.java:100) ~[authlib-6.0.52.jar:?]
	at com.mojang.authlib.minecraft.client.MinecraftClient.get(MinecraftClient.java:57) ~[authlib-6.0.52.jar:?]
	at com.mojang.authlib.yggdrasil.YggdrasilUserApiService.fetchProperties(YggdrasilUserApiService.java:121) ~[authlib-6.0.52.jar:?]
	... 5 more
[20:43:58] [Render thread/INFO] (fabric-networking-api-v1) Force Packet Serialization is enabled to mimic remote connection on single player, this is the default behaviour on dev env. Add -Dfabric-api.networking.force-packet-serialization=false JVM arg to disable it.
[20:43:58] [Render thread/INFO] (Indigo) [Indigo] Registering Indigo renderer!
[20:43:59] [Render thread/INFO] (Minecraft) Backend library: LWJGL version 3.3.2-snapshot
[20:44:02] [Render thread/INFO] (Minecraft) Reloading ResourceManager: vanilla, fabric (fabric-api-base, fabric-events-lifecycle-v0, fabric-lifecycle-events-v1, fabric-mining-level-api-v1, fabric-game-rule-api-v1, fabricloader, tntvillager, fabric-client-tags-api-v1, fabric-recipe-api-v1, fabric-transfer-api-v1, fabric-renderer-api-v1, fabric-registry-sync-v0, fabric-block-view-api-v2, fabric-item-api-v1, fabric-keybindings-v0, fabric-crash-report-info-v1, fabric-screen-api-v1, fabric-item-group-api-v1, fabric-resource-loader-v0, fabric-commands-v0, fabric-events-interaction-v0, fabric-transitive-access-wideners-v1, fabric-rendering-v0, fabric-data-generation-api-v1, fabric-renderer-registries-v1, fabric-networking-api-v1, fabric-model-loading-api-v1, fabric-rendering-fluids-v1, fabric-loot-api-v2, fabric-object-builder-api-v1, fabric-resource-conditions-api-v1, fabric-content-registries-v0, fabric-api-lookup-api-v1, fabric-dimensions-v1, fabric-biome-api-v1, fabric-rendering-v1, fabric-models-v0, fabric-block-api-v1, fabric-gametest-api-v1, fabric-screen-handler-api-v1, fabric-command-api-v1, fabric-message-api-v1, fabric-particles-v1, fabric-entity-events-v1, fabric-rendering-data-attachment-v1, fabric-command-api-v2, fabric-containers-v0, fabric-api, fabric-sound-api-v1, fabric-renderer-indigo, fabric-convention-tags-v1, fabric-blockrenderlayer-v1, fabric-key-binding-api-v1), high_contrast (high_contrast)
[20:44:02] [Worker-Main-10/INFO] (Minecraft) Found unifont_all_no_pua-15.1.04.hex, loading
[20:44:03] [Render thread/WARN] (Minecraft) Missing sound for event: minecraft:item.goat_horn.play
[20:44:03] [Render thread/WARN] (Minecraft) Missing sound for event: minecraft:entity.goat.screaming.horn_break
[20:44:04] [Render thread/INFO] (Minecraft) OpenAL initialized on device OpenAL Soft on Headphones (Realtek(R) Audio)
[20:44:04] [Render thread/INFO] (Minecraft) Sound engine started
[20:44:04] [Render thread/INFO] (Minecraft) Created: 1024x512x4 minecraft:textures/atlas/blocks.png-atlas
[20:44:04] [Render thread/INFO] (Minecraft) Created: 256x256x4 minecraft:textures/atlas/signs.png-atlas
[20:44:04] [Render thread/INFO] (Minecraft) Created: 512x512x4 minecraft:textures/atlas/shield_patterns.png-atlas
[20:44:04] [Render thread/INFO] (Minecraft) Created: 512x512x4 minecraft:textures/atlas/banner_patterns.png-atlas
[20:44:04] [Render thread/INFO] (Minecraft) Created: 1024x1024x4 minecraft:textures/atlas/armor_trims.png-atlas
[20:44:04] [Render thread/INFO] (Minecraft) Created: 128x64x4 minecraft:textures/atlas/decorated_pot.png-atlas
[20:44:04] [Render thread/INFO] (Minecraft) Created: 256x256x4 minecraft:textures/atlas/chest.png-atlas
[20:44:04] [Render thread/INFO] (Minecraft) Created: 512x256x4 minecraft:textures/atlas/shulker_boxes.png-atlas
[20:44:04] [Render thread/INFO] (Minecraft) Created: 512x256x4 minecraft:textures/atlas/beds.png-atlas
[20:44:04] [Render thread/WARN] (Minecraft) Shader rendertype_entity_translucent_emissive could not find sampler named Sampler2 in the specified shader program.
[20:44:05] [Render thread/INFO] (Minecraft) Created: 512x256x0 minecraft:textures/atlas/particles.png-atlas
[20:44:05] [Render thread/INFO] (Minecraft) Created: 256x256x0 minecraft:textures/atlas/paintings.png-atlas
[20:44:05] [Render thread/INFO] (Minecraft) Created: 128x128x0 minecraft:textures/atlas/mob_effects.png-atlas
[20:44:05] [Render thread/INFO] (Minecraft) Created: 1024x512x0 minecraft:textures/atlas/gui.png-atlas
[20:44:05] [IO-Worker-1/INFO] (Minecraft) Could not authorize you against Realms server: Invalid session id
[20:44:05] [IO-Worker-1/ERROR] (Minecraft) Couldn't connect to realms
net.minecraft.client.realms.exception.RealmsServiceException: Realms authentication error with message 'Invalid session id'
	at net.minecraft.client.realms.RealmsClient.execute(RealmsClient.java:414) ~[minecraft-clientonly-project-root-1.20.3-net.fabricmc.yarn.1_20_3.1.20.3+build.1-v2.jar:?]
	at net.minecraft.client.realms.RealmsClient.clientCompatible(RealmsClient.java:207) ~[minecraft-clientonly-project-root-1.20.3-net.fabricmc.yarn.1_20_3.1.20.3+build.1-v2.jar:?]
	at net.minecraft.client.realms.RealmsAvailability.method_52627(RealmsAvailability.java:44) ~[minecraft-clientonly-project-root-1.20.3-net.fabricmc.yarn.1_20_3.1.20.3+build.1-v2.jar:?]
	at java.util.concurrent.CompletableFuture$AsyncSupply.run(CompletableFuture.java:1768) ~[?:?]
	at java.util.concurrent.ThreadPoolExecutor.runWorker(ThreadPoolExecutor.java:1136) ~[?:?]
	at java.util.concurrent.ThreadPoolExecutor$Worker.run(ThreadPoolExecutor.java:635) ~[?:?]
	at java.lang.Thread.run(Thread.java:833) ~[?:?]
[20:46:44] [Render thread/INFO] (Minecraft) Loaded 7 recipes
[20:46:44] [Render thread/INFO] (Minecraft) Loaded 1271 advancements
[20:46:45] [Render thread/INFO] (BiomeModificationImpl) Applied 0 biome modifications to 0 of 64 new biomes in 3.430 ms
[20:46:45] [Server thread/INFO] (Minecraft) Starting integrated minecraft server version 1.20.3
[20:46:45] [Server thread/INFO] (Minecraft) Generating keypair
[20:46:46] [Server thread/INFO] (Minecraft) Preparing start region for dimension minecraft:overworld
[20:46:48] [Render thread/INFO] (Minecraft) Preparing spawn area: 0%
[20:46:48] [Render thread/INFO] (Minecraft) Preparing spawn area: 0%
[20:46:48] [Render thread/INFO] (Minecraft) Preparing spawn area: 0%
[20:46:48] [Render thread/INFO] (Minecraft) Preparing spawn area: 0%
[20:46:48] [Render thread/INFO] (Minecraft) Preparing spawn area: 0%
[20:46:48] [Render thread/INFO] (Minecraft) Preparing spawn area: 7%
[20:46:48] [Render thread/INFO] (Minecraft) Time elapsed: 2773 ms
[20:46:49] [Server thread/INFO] (Minecraft) Changing view distance to 12, from 10
[20:46:49] [Server thread/INFO] (Minecraft) Changing simulation distance to 12, from 0
[20:46:50] [Server thread/INFO] (Minecraft) Player505[local:E:940bd60f] logged in with entity id 20 at (7.115030176062456, -60.0, 70.42466073544614)
[20:46:50] [Server thread/INFO] (Minecraft) Player505 joined the game
[20:46:51] [Render thread/INFO] (Minecraft) Loaded 2 advancements
[20:47:26] [Server thread/INFO] (Minecraft) Villager VillagerEntity['Demolitionist'/3, l='ServerLevel[Testing]', x=11.77, y=-60.00, z=87.40] died, message: 'Demolitionist was slain by Player505'
[20:47:26] [Render thread/INFO] (Minecraft) Villager VillagerEntity['Demolitionist'/3, l='ClientLevel', x=12.34, y=-59.48, z=86.94] died, message: 'Demolitionist died'
[20:47:26] [Render thread/INFO] (Minecraft) Loaded 30 advancements
[20:47:57] [Render thread/INFO] (Minecraft) Loaded 31 advancements
[20:48:01] [Server thread/INFO] (Minecraft) Player505 has made the advancement [Take Aim]
[20:48:01] [Render thread/INFO] (Minecraft) [System] [CHAT] Player505 has made the advancement [Take Aim]
[20:48:01] [Render thread/INFO] (Minecraft) Loaded 33 advancements
[20:48:05] [Server thread/INFO] (Minecraft) Villager VillagerEntity['Demolitionist'/46, l='ServerLevel[Testing]', x=1.53, y=-60.00, z=72.49] died, message: 'Demolitionist was shot by Player505'
[20:48:05] [Render thread/INFO] (Minecraft) Villager VillagerEntity['Demolitionist'/46, l='ClientLevel', x=1.53, y=-60.00, z=72.49] died, message: 'Demolitionist died'
[20:48:12] [Server thread/INFO] (Minecraft) Villager VillagerEntity['Demolitionist'/44, l='ServerLevel[Testing]', x=6.64, y=-58.75, z=70.72] died, message: 'Demolitionist was killed by magic while trying to escape Player505'
[20:48:12] [Render thread/INFO] (Minecraft) Villager VillagerEntity['Demolitionist'/44, l='ClientLevel', x=6.67, y=-59.25, z=70.70] died, message: 'Demolitionist died'
[20:48:21] [Server thread/INFO] (Minecraft) Villager VillagerEntity['Demolitionist'/2, l='ServerLevel[Testing]', x=-11.61, y=-60.00, z=37.56] died, message: 'Demolitionist was killed by magic while trying to escape Player505'
[20:48:21] [Render thread/INFO] (Minecraft) Villager VillagerEntity['Demolitionist'/2, l='ClientLevel', x=-11.64, y=-60.00, z=37.30] died, message: 'Demolitionist died'
[20:48:39] [Server thread/INFO] (Minecraft) Villager VillagerEntity['Demolitionist'/1, l='ServerLevel[Testing]', x=-8.14, y=-60.00, z=33.14] died, message: 'Demolitionist was killed by magic while trying to escape Player505'
[20:48:39] [Render thread/INFO] (Minecraft) Villager VillagerEntity['Demolitionist'/1, l='ClientLevel', x=-8.09, y=-60.00, z=33.09] died, message: 'Demolitionist died'
[20:51:25] [Server thread/INFO] (Minecraft) Player505 fell out of the world
[20:51:25] [Render thread/INFO] (Minecraft) [System] [CHAT] Player505 fell out of the world
[20:54:32] [Server thread/INFO] (Minecraft) Saving and pausing game...
[20:54:32] [Server thread/INFO] (Minecraft) Saving chunks for level 'ServerLevel[Testing]'/minecraft:overworld
[20:54:32] [Server thread/INFO] (Minecraft) Saving chunks for level 'ServerLevel[Testing]'/minecraft:the_nether
[20:54:32] [Server thread/INFO] (Minecraft) Saving chunks for level 'ServerLevel[Testing]'/minecraft:the_end
[20:54:40] [Server thread/INFO] (Minecraft) [Player505: Set the target tick rate to 5.0 per second]
[20:54:40] [Render thread/INFO] (Minecraft) [System] [CHAT] Set the target tick rate to 5.0 per second
[20:55:05] [Server thread/INFO] (Minecraft) [Player505: Set the target tick rate to 1.0 per second]
[20:55:05] [Render thread/INFO] (Minecraft) [System] [CHAT] Set the target tick rate to 1.0 per second
[20:55:21] [Server thread/INFO] (Minecraft) [Player505: Set own game mode to Survival Mode]
[20:55:21] [Render thread/INFO] (Minecraft) [System] [CHAT] Set own game mode to Survival Mode
[20:56:27] [Server thread/INFO] (Minecraft) [Player505: Set own game mode to Creative Mode]
[20:56:27] [Render thread/INFO] (Minecraft) [System] [CHAT] Set own game mode to Creative Mode
[20:56:32] [Server thread/INFO] (Minecraft) [Player505: Set the target tick rate to 10.0 per second]
[20:56:32] [Render thread/INFO] (Minecraft) [System] [CHAT] Set the target tick rate to 10.0 per second
[20:57:08] [Server thread/INFO] (Minecraft) [Player505: Set the target tick rate to 5.0 per second]
[20:57:08] [Render thread/INFO] (Minecraft) [System] [CHAT] Set the target tick rate to 5.0 per second
[20:57:40] [Server thread/INFO] (Minecraft) Saving and pausing game...
[20:57:40] [Server thread/INFO] (Minecraft) Saving chunks for level 'ServerLevel[Testing]'/minecraft:overworld
[20:57:40] [Server thread/INFO] (Minecraft) Saving chunks for level 'ServerLevel[Testing]'/minecraft:the_nether
[20:57:40] [Server thread/INFO] (Minecraft) Saving chunks for level 'ServerLevel[Testing]'/minecraft:the_end
[20:58:05] [Server thread/INFO] (Minecraft) [Player505: Set the target tick rate to 40.0 per second]
[20:58:05] [Render thread/INFO] (Minecraft) [System] [CHAT] Set the target tick rate to 40.0 per second
[20:58:11] [Server thread/INFO] (Minecraft) [Player505: Set the target tick rate to 20.0 per second]
[20:58:11] [Render thread/INFO] (Minecraft) [System] [CHAT] Set the target tick rate to 20.0 per second
[20:58:15] [Server thread/INFO] (Minecraft) [Player505: Set the target tick rate to 40.0 per second]
[20:58:15] [Render thread/INFO] (Minecraft) [System] [CHAT] Set the target tick rate to 40.0 per second
[20:58:18] [Server thread/INFO] (Minecraft) [Player505: Set the target tick rate to 400.0 per second]
[20:58:18] [Render thread/INFO] (Minecraft) [System] [CHAT] Set the target tick rate to 400.0 per second
[20:58:29] [Render thread/INFO] (Minecraft) [System] [CHAT] Unknown or incomplete command, see below for error
[20:58:29] [Render thread/INFO] (Minecraft) [System] [CHAT] ...ick sprint<--[HERE]
[20:58:34] [Server thread/INFO] (Minecraft) [Player505: The game is sprinting]
[20:58:34] [Render thread/INFO] (Minecraft) [System] [CHAT] The game is sprinting
[20:58:49] [Server thread/INFO] (Minecraft) [Player505: A tick sprint interrupted]
[20:58:49] [Server thread/INFO] (Minecraft) [Player505: The game is sprinting]
[20:58:49] [Server thread/INFO] (Minecraft) Sprint completed with 165 ticks per second, or 6.04 ms per tick
[20:58:49] [Render thread/INFO] (Minecraft) [System] [CHAT] A tick sprint interrupted
[20:58:49] [Render thread/INFO] (Minecraft) [System] [CHAT] The game is sprinting
[20:58:49] [Render thread/INFO] (Minecraft) [System] [CHAT] [Server: Sprint completed with 165 ticks per second, or 6.04 ms per tick]
[20:58:53] [Server thread/INFO] (Minecraft) [Player505: The game is sprinting]
[20:58:53] [Render thread/INFO] (Minecraft) [System] [CHAT] The game is sprinting
[20:58:53] [Server thread/INFO] (Minecraft) Sprint completed with 330 ticks per second, or 3.03 ms per tick
[20:58:53] [Render thread/INFO] (Minecraft) [System] [CHAT] [Server: Sprint completed with 330 ticks per second, or 3.03 ms per tick]
[20:58:55] [Server thread/INFO] (Minecraft) [Player505: The game is sprinting]
[20:58:55] [Server thread/INFO] (Minecraft) Sprint completed with 371 ticks per second, or 2.69 ms per tick
[20:58:55] [Render thread/INFO] (Minecraft) [System] [CHAT] The game is sprinting
[20:58:55] [Render thread/INFO] (Minecraft) [System] [CHAT] [Server: Sprint completed with 371 ticks per second, or 2.69 ms per tick]
[20:59:04] [Server thread/INFO] (Minecraft) [Player505: The game is frozen]
[20:59:04] [Render thread/INFO] (Minecraft) [System] [CHAT] The game is frozen
[20:59:07] [Server thread/INFO] (Minecraft) [Player505: Set own game mode to Survival Mode]
[20:59:07] [Render thread/INFO] (Minecraft) [System] [CHAT] Set own game mode to Survival Mode
[20:59:12] [Server thread/INFO] (Minecraft) [Player505: Set own game mode to Creative Mode]
[20:59:12] [Render thread/INFO] (Minecraft) [System] [CHAT] Set own game mode to Creative Mode
[20:59:20] [Server thread/INFO] (Minecraft) [Player505: The game runs normally]
[20:59:20] [Render thread/INFO] (Minecraft) [System] [CHAT] The game runs normally
[20:59:20] [Render thread/INFO] (Minecraft) Loaded 34 advancements
[20:59:22] [Server thread/INFO] (Minecraft) [Player505: The game is frozen]
[20:59:22] [Render thread/INFO] (Minecraft) [System] [CHAT] The game is frozen
[20:59:31] [Server thread/INFO] (Minecraft) [Player505: The game runs normally]
[20:59:31] [Render thread/INFO] (Minecraft) [System] [CHAT] The game runs normally
[20:59:34] [Server thread/INFO] (Minecraft) [Player505: The game is frozen]
[20:59:34] [Render thread/INFO] (Minecraft) [System] [CHAT] The game is frozen
[20:59:42] [Server thread/INFO] (Minecraft) [Player505: The game runs normally]
[20:59:42] [Render thread/INFO] (Minecraft) [System] [CHAT] The game runs normally
[20:59:44] [Server thread/INFO] (Minecraft) [Player505: The game is frozen]
[20:59:44] [Render thread/INFO] (Minecraft) [System] [CHAT] The game is frozen
[20:59:46] [Server thread/INFO] (Minecraft) [Player505: The game is frozen]
[20:59:46] [Render thread/INFO] (Minecraft) [System] [CHAT] The game is frozen
[20:59:48] [Server thread/INFO] (Minecraft) [Player505: The game runs normally]
[20:59:48] [Render thread/INFO] (Minecraft) [System] [CHAT] The game runs normally
[20:59:51] [Server thread/INFO] (Minecraft) [Player505: The game is frozen]
[20:59:51] [Render thread/INFO] (Minecraft) [System] [CHAT] The game is frozen
[20:59:56] [Server thread/INFO] (Minecraft) [Player505: The game runs normally]
[20:59:56] [Render thread/INFO] (Minecraft) [System] [CHAT] The game runs normally
[21:00:03] [Server thread/INFO] (Minecraft) [Player505: The game is frozen]
[21:00:03] [Render thread/INFO] (Minecraft) [System] [CHAT] The game is frozen
[21:00:34] [Server thread/INFO] (Minecraft) [Player505: The game runs normally]
[21:00:34] [Render thread/INFO] (Minecraft) [System] [CHAT] The game runs normally
[21:00:37] [Server thread/INFO] (Minecraft) [Player505: The game is frozen]
[21:00:37] [Render thread/INFO] (Minecraft) [System] [CHAT] The game is frozen
[21:00:42] [Server thread/INFO] (Minecraft) [Player505: Set the time to 1000]
[21:00:42] [Render thread/INFO] (Minecraft) [System] [CHAT] Set the time to 1000
[21:01:17] [Server thread/INFO] (Minecraft) [Player505: The game is frozen]
[21:01:17] [Render thread/INFO] (Minecraft) [System] [CHAT] The game is frozen
[21:01:36] [Server thread/INFO] (Minecraft) [Player505: The game runs normally]
[21:01:36] [Render thread/INFO] (Minecraft) [System] [CHAT] The game runs normally
[21:01:40] [Server thread/WARN] (Minecraft) Can't keep up! Is the server overloaded? Running 1050ms or 420 ticks behind
[21:01:41] [Server thread/INFO] (Minecraft) [Player505: The game is frozen]
[21:01:41] [Render thread/INFO] (Minecraft) [System] [CHAT] The game is frozen
[21:02:41] [Server thread/INFO] (Minecraft) [Player505: Summoned new Primed TNT]
[21:02:41] [Render thread/INFO] (Minecraft) [System] [CHAT] Summoned new Primed TNT
[21:02:42] [Server thread/INFO] (Minecraft) [Player505: Summoned new Primed TNT]
[21:02:42] [Render thread/INFO] (Minecraft) [System] [CHAT] Summoned new Primed TNT
[21:02:44] [Server thread/INFO] (Minecraft) [Player505: Summoned new Primed TNT]
[21:02:44] [Render thread/INFO] (Minecraft) [System] [CHAT] Summoned new Primed TNT
[21:02:54] [Server thread/INFO] (Minecraft) [Player505: The game runs normally]
[21:02:54] [Render thread/INFO] (Minecraft) [System] [CHAT] The game runs normally
[21:03:00] [Server thread/WARN] (Minecraft) Can't keep up! Is the server overloaded? Running 1050ms or 420 ticks behind
[21:03:11] [Server thread/WARN] (Minecraft) Can't keep up! Is the server overloaded? Running 1383ms or 553 ticks behind
[21:03:18] [Server thread/INFO] (Minecraft) [Player505: Summoned new Primed TNT]
[21:03:18] [Render thread/INFO] (Minecraft) [System] [CHAT] Summoned new Primed TNT
[21:03:20] [Server thread/INFO] (Minecraft) [Player505: Summoned new Primed TNT]
[21:03:20] [Render thread/INFO] (Minecraft) [System] [CHAT] Summoned new Primed TNT
[21:03:21] [Server thread/INFO] (Minecraft) [Player505: Summoned new Primed TNT]
[21:03:21] [Render thread/INFO] (Minecraft) [System] [CHAT] Summoned new Primed TNT
[21:03:22] [Server thread/INFO] (Minecraft) [Player505: Summoned new Primed TNT]
[21:03:22] [Render thread/INFO] (Minecraft) [System] [CHAT] Summoned new Primed TNT
[21:03:22] [Server thread/INFO] (Minecraft) [Player505: Summoned new Primed TNT]
[21:03:22] [Render thread/INFO] (Minecraft) [System] [CHAT] Summoned new Primed TNT
[21:03:22] [Server thread/INFO] (Minecraft) [Player505: Summoned new Primed TNT]
[21:03:22] [Render thread/INFO] (Minecraft) [System] [CHAT] Summoned new Primed TNT
[21:03:22] [Server thread/INFO] (Minecraft) [Player505: Summoned new Primed TNT]
[21:03:22] [Render thread/INFO] (Minecraft) [System] [CHAT] Summoned new Primed TNT
[21:03:23] [Server thread/WARN] (Minecraft) Can't keep up! Is the server overloaded? Running 1272ms or 509 ticks behind
[21:03:55] [Server thread/WARN] (Minecraft) Can't keep up! Is the server overloaded? Running 1050ms or 420 ticks behind
[21:04:00] [Server thread/INFO] (Minecraft) [Player505: Summoned new Primed TNT]
[21:04:00] [Render thread/INFO] (Minecraft) [System] [CHAT] Summoned new Primed TNT
[21:04:03] [Server thread/INFO] (Minecraft) [Player505: Summoned new Primed TNT]
[21:04:03] [Render thread/INFO] (Minecraft) [System] [CHAT] Summoned new Primed TNT
[21:04:05] [Server thread/INFO] (Minecraft) [Player505: Summoned new Primed TNT]
[21:04:05] [Render thread/INFO] (Minecraft) [System] [CHAT] Summoned new Primed TNT
[21:04:06] [Server thread/INFO] (Minecraft) [Player505: Summoned new Primed TNT]
[21:04:06] [Render thread/INFO] (Minecraft) [System] [CHAT] Summoned new Primed TNT
[21:04:07] [Server thread/WARN] (Minecraft) Can't keep up! Is the server overloaded? Running 1808ms or 723 ticks behind
[21:04:07] [Server thread/INFO] (Minecraft) [Player505: Summoned new Primed TNT]
[21:04:07] [Render thread/INFO] (Minecraft) [System] [CHAT] Summoned new Primed TNT
[21:04:08] [Server thread/INFO] (Minecraft) [Player505: Summoned new Primed TNT]
[21:04:08] [Render thread/INFO] (Minecraft) [System] [CHAT] Summoned new Primed TNT
[21:04:18] [Render thread/INFO] (Minecraft) [System] [CHAT] No tick sprint in progress
[21:04:18] [Server thread/WARN] (Minecraft) Can't keep up! Is the server overloaded? Running 1154ms or 461 ticks behind
[21:04:29] [Render thread/INFO] (Minecraft) [System] [CHAT] Unknown or incomplete command, see below for error
[21:04:29] [Render thread/INFO] (Minecraft) [System] [CHAT] tick rate<--[HERE]
[21:04:30] [Server thread/WARN] (Minecraft) Can't keep up! Is the server overloaded? Running 1178ms or 471 ticks behind
[21:04:32] [Server thread/INFO] (Minecraft) [Player505: Set the target tick rate to 20.0 per second]
[21:04:32] [Render thread/INFO] (Minecraft) [System] [CHAT] Set the target tick rate to 20.0 per second
[21:04:39] [Server thread/INFO] (Minecraft) [Player505: The game runs normally]
[21:04:40] [Render thread/INFO] (Minecraft) [System] [CHAT] The game runs normally
[21:04:43] [Server thread/INFO] (Minecraft) [Player505: The game is frozen]
[21:04:43] [Render thread/INFO] (Minecraft) [System] [CHAT] The game is frozen
[21:05:02] [Server thread/INFO] (Minecraft) [Player505: Gamerule commandModificationBlockLimit is now set to: 99999999]
[21:05:02] [Render thread/INFO] (Minecraft) [System] [CHAT] Gamerule commandModificationBlockLimit is now set to: 99999999
[21:05:13] [Server thread/INFO] (Minecraft) [Player505: Successfully filled 132651 block(s)]
[21:05:13] [Render thread/INFO] (Minecraft) [System] [CHAT] Successfully filled 132651 block(s)
[21:05:19] [Server thread/INFO] (Minecraft) [Player505: The game is frozen]
[21:05:19] [Render thread/INFO] (Minecraft) [System] [CHAT] The game is frozen
[21:05:28] [Server thread/INFO] (Minecraft) [Player505: The game runs normally]
[21:05:28] [Render thread/INFO] (Minecraft) [System] [CHAT] The game runs normally
[21:05:35] [Server thread/INFO] (Minecraft) [Player505: The game is frozen]
[21:05:35] [Render thread/INFO] (Minecraft) [System] [CHAT] The game is frozen
[21:05:53] [Server thread/INFO] (Minecraft) [Player505: The game runs normally]
[21:05:53] [Render thread/INFO] (Minecraft) [System] [CHAT] The game runs normally
[21:05:56] [Server thread/WARN] (Minecraft) Can't keep up! Is the server overloaded? Running 3252ms or 65 ticks behind
[21:05:58] [Server thread/INFO] (Minecraft) [Player505: The game is frozen]
[21:05:58] [Render thread/INFO] (Minecraft) [System] [CHAT] The game is frozen
[21:06:17] [Server thread/INFO] (Minecraft) [Player505: The game runs normally]
[21:06:17] [Render thread/INFO] (Minecraft) [System] [CHAT] The game runs normally
[21:06:21] [Server thread/WARN] (Minecraft) Can't keep up! Is the server overloaded? Running 3586ms or 71 ticks behind
[21:07:28] [Server thread/INFO] (Minecraft) Player505 lost connection: Disconnected
[21:07:28] [Server thread/INFO] (Minecraft) Player505 left the game
[21:07:28] [Server thread/INFO] (Minecraft) Stopping singleplayer server as player logged out
[21:07:28] [Server thread/INFO] (Minecraft) [Player505: The game is frozen]
[21:07:28] [Server thread/INFO] (Minecraft) [Player505: The game is frozen]
[21:07:28] [Server thread/INFO] (Minecraft) [Player505: The game is frozen]
[21:07:28] [Server thread/INFO] (Minecraft) Stopping server
[21:07:28] [Server thread/INFO] (Minecraft) Saving players
[21:07:28] [Server thread/INFO] (Minecraft) Saving worlds
[21:07:28] [Server thread/INFO] (Minecraft) Saving chunks for level 'ServerLevel[Testing]'/minecraft:overworld
[21:07:29] [Server thread/INFO] (Minecraft) Saving chunks for level 'ServerLevel[Testing]'/minecraft:the_nether
[21:07:29] [Server thread/INFO] (Minecraft) Saving chunks for level 'ServerLevel[Testing]'/minecraft:the_end
[21:07:29] [Server thread/INFO] (Minecraft) ThreadedAnvilChunkStorage (Testing): All chunks are saved
[21:07:29] [Server thread/INFO] (Minecraft) ThreadedAnvilChunkStorage (DIM-1): All chunks are saved
[21:07:29] [Server thread/INFO] (Minecraft) ThreadedAnvilChunkStorage (DIM1): All chunks are saved
[21:07:29] [Server thread/INFO] (Minecraft) ThreadedAnvilChunkStorage: All dimensions are saved
[21:07:30] [Render thread/INFO] (Minecraft) Loaded 7 recipes
[21:07:31] [Render thread/INFO] (Minecraft) Loaded 1271 advancements
[21:07:31] [Render thread/INFO] (BiomeModificationImpl) Applied 0 biome modifications to 0 of 64 new biomes in 229.3 ?s
[21:07:31] [Server thread/INFO] (Minecraft) Starting integrated minecraft server version 1.20.3
[21:07:31] [Server thread/INFO] (Minecraft) Generating keypair
[21:07:31] [Server thread/INFO] (Minecraft) Preparing start region for dimension minecraft:overworld
[21:07:32] [Render thread/INFO] (Minecraft) Preparing spawn area: 0%
[21:07:32] [Render thread/INFO] (Minecraft) Preparing spawn area: 0%
[21:07:32] [Render thread/INFO] (Minecraft) Preparing spawn area: 0%
[21:07:33] [Render thread/INFO] (Minecraft) Preparing spawn area: 64%
[21:07:33] [Render thread/INFO] (Minecraft) Time elapsed: 1726 ms
[21:07:33] [Server thread/INFO] (Minecraft) Changing view distance to 12, from 10
[21:07:33] [Server thread/INFO] (Minecraft) Changing simulation distance to 12, from 0
[21:07:45] [Server thread/WARN] (Minecraft) Can't keep up! Is the server overloaded? Running 12329ms or 246 ticks behind
[21:08:10] [Render thread/INFO] (Minecraft) Stopping!
[21:08:10] [Server thread/ERROR] (Minecraft) Cound not schedule mailbox
java.util.concurrent.RejectedExecutionException: null
	at java.util.concurrent.ForkJoinPool.externalPush(ForkJoinPool.java:2179) ~[?:?]
	at java.util.concurrent.ForkJoinPool.externalSubmit(ForkJoinPool.java:2196) ~[?:?]
	at java.util.concurrent.ForkJoinPool.execute(ForkJoinPool.java:2664) ~[?:?]
	at net.minecraft.util.thread.TaskExecutor.execute(TaskExecutor.java:135) ~[minecraft-common-project-root-1.20.3-net.fabricmc.yarn.1_20_3.1.20.3+build.1-v2.jar:?]
	at net.minecraft.util.thread.TaskExecutor.send(TaskExecutor.java:124) ~[minecraft-common-project-root-1.20.3-net.fabricmc.yarn.1_20_3.1.20.3+build.1-v2.jar:?]
	at net.minecraft.server.world.ChunkTaskPrioritySystem.enqueueChunk(ChunkTaskPrioritySystem.java:129) ~[minecraft-common-project-root-1.20.3-net.fabricmc.yarn.1_20_3.1.20.3+build.1-v2.jar:?]
	at net.minecraft.server.world.ChunkTaskPrioritySystem.method_17624(ChunkTaskPrioritySystem.java:95) ~[minecraft-common-project-root-1.20.3-net.fabricmc.yarn.1_20_3.1.20.3+build.1-v2.jar:?]
	at net.minecraft.util.thread.MessageListener$1.send(MessageListener.java:44) ~[minecraft-common-project-root-1.20.3-net.fabricmc.yarn.1_20_3.1.20.3+build.1-v2.jar:?]
	at net.minecraft.server.world.ServerLightingProvider.enqueue(ServerLightingProvider.java:106) ~[minecraft-common-project-root-1.20.3-net.fabricmc.yarn.1_20_3.1.20.3+build.1-v2.jar:?]
	at net.minecraft.server.world.ServerLightingProvider.enqueue(ServerLightingProvider.java:102) ~[minecraft-common-project-root-1.20.3-net.fabricmc.yarn.1_20_3.1.20.3+build.1-v2.jar:?]
	at net.minecraft.server.world.ServerLightingProvider.checkBlock(ServerLightingProvider.java:58) ~[minecraft-common-project-root-1.20.3-net.fabricmc.yarn.1_20_3.1.20.3+build.1-v2.jar:?]
	at net.minecraft.world.chunk.WorldChunk.setBlockState(WorldChunk.java:255) ~[minecraft-common-project-root-1.20.3-net.fabricmc.yarn.1_20_3.1.20.3+build.1-v2.jar:?]
	at net.minecraft.world.World.setBlockState(World.java:231) ~[minecraft-common-project-root-1.20.3-net.fabricmc.yarn.1_20_3.1.20.3+build.1-v2.jar:?]
	at net.minecraft.world.World.setBlockState(World.java:216) ~[minecraft-common-project-root-1.20.3-net.fabricmc.yarn.1_20_3.1.20.3+build.1-v2.jar:?]
	at net.minecraft.block.AbstractBlock.onExploded(AbstractBlock.java:225) ~[minecraft-common-project-root-1.20.3-net.fabricmc.yarn.1_20_3.1.20.3+build.1-v2.jar:?]
	at net.minecraft.block.AbstractBlock$AbstractBlockState.onExploded(AbstractBlock.java:1199) ~[minecraft-common-project-root-1.20.3-net.fabricmc.yarn.1_20_3.1.20.3+build.1-v2.jar:?]
	at net.minecraft.world.explosion.Explosion.affectWorld(Explosion.java:287) ~[minecraft-common-project-root-1.20.3-net.fabricmc.yarn.1_20_3.1.20.3+build.1-v2.jar:?]
	at net.minecraft.world.World.createExplosion(World.java:555) ~[minecraft-common-project-root-1.20.3-net.fabricmc.yarn.1_20_3.1.20.3+build.1-v2.jar:?]
	at net.minecraft.server.world.ServerWorld.createExplosion(ServerWorld.java:1075) ~[minecraft-common-project-root-1.20.3-net.fabricmc.yarn.1_20_3.1.20.3+build.1-v2.jar:?]
	at net.minecraft.world.World.createExplosion(World.java:524) ~[minecraft-common-project-root-1.20.3-net.fabricmc.yarn.1_20_3.1.20.3+build.1-v2.jar:?]
	at net.minecraft.entity.TntEntity.explode(TntEntity.java:108) ~[minecraft-common-project-root-1.20.3-net.fabricmc.yarn.1_20_3.1.20.3+build.1-v2.jar:?]
	at net.minecraft.entity.TntEntity.tick(TntEntity.java:96) ~[minecraft-common-project-root-1.20.3-net.fabricmc.yarn.1_20_3.1.20.3+build.1-v2.jar:?]
	at net.minecraft.server.world.ServerWorld.tickEntity(ServerWorld.java:761) ~[minecraft-common-project-root-1.20.3-net.fabricmc.yarn.1_20_3.1.20.3+build.1-v2.jar:?]
	at net.minecraft.world.World.tickEntity(World.java:492) ~[minecraft-common-project-root-1.20.3-net.fabricmc.yarn.1_20_3.1.20.3+build.1-v2.jar:?]
	at net.minecraft.server.world.ServerWorld.method_31420(ServerWorld.java:399) ~[minecraft-common-project-root-1.20.3-net.fabricmc.yarn.1_20_3.1.20.3+build.1-v2.jar:?]
	at net.minecraft.world.EntityList.forEach(EntityList.java:54) ~[minecraft-common-project-root-1.20.3-net.fabricmc.yarn.1_20_3.1.20.3+build.1-v2.jar:?]
	at net.minecraft.server.world.ServerWorld.tick(ServerWorld.java:363) ~[minecraft-common-project-root-1.20.3-net.fabricmc.yarn.1_20_3.1.20.3+build.1-v2.jar:?]
	at net.minecraft.server.MinecraftServer.tickWorlds(MinecraftServer.java:948) ~[minecraft-common-project-root-1.20.3-net.fabricmc.yarn.1_20_3.1.20.3+build.1-v2.jar:?]
	at net.minecraft.server.MinecraftServer.tick(MinecraftServer.java:845) ~[minecraft-common-project-root-1.20.3-net.fabricmc.yarn.1_20_3.1.20.3+build.1-v2.jar:?]
	at net.minecraft.server.integrated.IntegratedServer.tick(IntegratedServer.java:103) ~[minecraft-clientonly-project-root-1.20.3-net.fabricmc.yarn.1_20_3.1.20.3+build.1-v2.jar:?]
	at net.minecraft.server.MinecraftServer.runServer(MinecraftServer.java:683) ~[minecraft-common-project-root-1.20.3-net.fabricmc.yarn.1_20_3.1.20.3+build.1-v2.jar:?]
	at net.minecraft.server.MinecraftServer.method_29739(MinecraftServer.java:270) ~[minecraft-common-project-root-1.20.3-net.fabricmc.yarn.1_20_3.1.20.3+build.1-v2.jar:?]
	at java.lang.Thread.run(Thread.java:833) ~[?:?]
